
--------------------------------------------------
TXLib предупреждает:

Программа: C:\Users\sumpl\GitHub\kvadratka\kvadratka.exe,

ВНЕЗАПНО: Недопустимая операция с плавающей точкой.

#1: Исключение EXCEPTION_FLT_INVALID_OPERATION (0xC0000090) при выполнении кода по адресу 0x752DA942 в функции RaiseException() в модуле C:\Windows\System32\KERNELBASE.dll. Спасибо _txVectoredExceptionHandler(), что сообщил. Люблю его <3

#1: TXLib [Ver: 00173a, Rev: 173, Date: 2024-06-23 22:37:05 +0400], Instance: 0x0057769C (32-bit), Flags: Cmdre0, Thread: 0x48E0 (Main), GetLastError(): 126 (Не найден указанный модуль). 

--------------------------------------------------
Стек вызовов:

# 0 0x752DA942 in C:\Windows\System32\KERNELBASE.dll: RaiseException()
# 1 0x75CC6EAF in C:\Windows\System32\msvcrt.dll: modf()
# 2 0x75CC6C74 in C:\Windows\System32\msvcrt.dll: modf()
# 3 0x75CC96B2 in C:\Windows\System32\msvcrt.dll: modf()
# 4 0x75CC3A30 in C:\Windows\System32\msvcrt.dll: modf()
# 5 0x75CB8AB8 in C:\Windows\System32\msvcrt.dll: sqrt()

# 6 0x0042C2D4 in C:\Users\sumpl\GitHub\kvadratka\kvadratka.exe: main() at C:/Users/sumpl/GitHub/kvadratka/kvadratka.cpp (13):

     11: 
     12:     enter_se_parameters(&a, &b, &c);
=>   13:     solve_square_equation(a, b, c, &solutions);
     14:     print_solutions(&solutions);
     15: 

--------------------------------------------------
Developed with:

The Dumb Artist Library (TX Library)
TXLib [Ver: 00173a, Rev: 173, Date: 2024-06-23 22:37:05 +0400]
Copyright (C) Ded (Ilya Dedinsky, http://txlib.ru) <mail@txlib.ru>
See license on: http://txlib.ru

TXLib file:	c:\windows\syswow64\codeblocks\mingw\include\txlib.h
Compiled:	Aug 18 2024 19:32:11, GNU g++ 4.8.1, std=201103L, MinGW Runtime 3.20, 32-bit, DEBUG
Started:	Aug 18 2024 19:32:54

Run file:	C:\Users\sumpl\GitHub\kvadratka\kvadratka.exe
Directory:	C:\Users\sumpl\GitHub\kvadratka

--------------------------------------------------

--------------------------------------------------
TXLib соболезнует...

Программа: C:\Users\sumpl\GitHub\kvadratka\kvadratka.exe,

ВНЕЗАПНО: signal (8, 0x00): SIGFPE: Грубая ошибка в вычислениях. 

Недопустимая операция с плавающей точкой.

#1: Исключение EXCEPTION_FLT_INVALID_OPERATION (0xC0000090) при выполнении кода по адресу 0x752DA942 в функции RaiseException() в модуле C:\Windows\System32\KERNELBASE.dll. Спасибо _txVectoredExceptionHandler(), что сообщил. Люблю его <3

С помощью функции signal() вы можете сами обработать эту ошибку.

#2: TXLib [Ver: 00173a, Rev: 173, Date: 2024-06-23 22:37:05 +0400], Instance: 0x0057769C (32-bit), Flags: Cmdre0, Thread: 0x48E0 (Main), GetLastError(): 126 (Не найден указанный модуль). 

--------------------------------------------------
Стек вызовов:

# 0 0x752DA942 in C:\Windows\System32\KERNELBASE.dll: RaiseException()
# 1 0x75CC6EAF in C:\Windows\System32\msvcrt.dll: modf()
# 2 0x75CC6C74 in C:\Windows\System32\msvcrt.dll: modf()
# 3 0x75CC96B2 in C:\Windows\System32\msvcrt.dll: modf()
# 4 0x75CC3A30 in C:\Windows\System32\msvcrt.dll: modf()
# 5 0x75CB8AB8 in C:\Windows\System32\msvcrt.dll: sqrt()

# 6 0x0042C2D4 in C:\Users\sumpl\GitHub\kvadratka\kvadratka.exe: main() at C:/Users/sumpl/GitHub/kvadratka/kvadratka.cpp (13):

     11: 
     12:     enter_se_parameters(&a, &b, &c);
=>   13:     solve_square_equation(a, b, c, &solutions);
     14:     print_solutions(&solutions);
     15: 

--------------------------------------------------
Developed with:

The Dumb Artist Library (TX Library)
TXLib [Ver: 00173a, Rev: 173, Date: 2024-06-23 22:37:05 +0400]
Copyright (C) Ded (Ilya Dedinsky, http://txlib.ru) <mail@txlib.ru>
See license on: http://txlib.ru

TXLib file:	c:\windows\syswow64\codeblocks\mingw\include\txlib.h
Compiled:	Aug 18 2024 19:32:11, GNU g++ 4.8.1, std=201103L, MinGW Runtime 3.20, 32-bit, DEBUG
Started:	Aug 18 2024 19:32:54

Run file:	C:\Users\sumpl\GitHub\kvadratka\kvadratka.exe
Directory:	C:\Users\sumpl\GitHub\kvadratka

--------------------------------------------------

--------------------------------------------------
TXLib предупреждает:

Программа: C:\Users\sumpl\GitHub\kvadratka\kvadratka.exe,

ВНЕЗАПНО: Недопустимая операция с плавающей точкой.

#1: Исключение EXCEPTION_FLT_INVALID_OPERATION (0xC0000090) при выполнении кода по адресу 0x752DA942 в функции RaiseException() в модуле C:\Windows\System32\KERNELBASE.dll. Спасибо _txVectoredExceptionHandler(), что сообщил. Люблю его <3

#1: TXLib [Ver: 00173a, Rev: 173, Date: 2024-06-23 22:37:05 +0400], Instance: 0x0057769C (32-bit), Flags: Cmdre0, Thread: 0x3C94 (Main), GetLastError(): 126 (Не найден указанный модуль). 

--------------------------------------------------
Стек вызовов:

# 0 0x752DA942 in C:\Windows\System32\KERNELBASE.dll: RaiseException()
# 1 0x75CC6EAF in C:\Windows\System32\msvcrt.dll: modf()
# 2 0x75CC6C74 in C:\Windows\System32\msvcrt.dll: modf()
# 3 0x75CC96B2 in C:\Windows\System32\msvcrt.dll: modf()
# 4 0x75CC3A30 in C:\Windows\System32\msvcrt.dll: modf()
# 5 0x75CB8AB8 in C:\Windows\System32\msvcrt.dll: sqrt()

# 6 0x0042C2D4 in C:\Users\sumpl\GitHub\kvadratka\kvadratka.exe: main() at C:/Users/sumpl/GitHub/kvadratka/kvadratka.cpp (13):

     11: 
     12:     enter_se_parameters(&a, &b, &c);
=>   13:     solve_square_equation(a, b, c, &solutions);
     14:     print_solutions(&solutions);
     15: 

--------------------------------------------------
Developed with:

The Dumb Artist Library (TX Library)
TXLib [Ver: 00173a, Rev: 173, Date: 2024-06-23 22:37:05 +0400]
Copyright (C) Ded (Ilya Dedinsky, http://txlib.ru) <mail@txlib.ru>
See license on: http://txlib.ru

TXLib file:	c:\windows\syswow64\codeblocks\mingw\include\txlib.h
Compiled:	Aug 18 2024 19:32:11, GNU g++ 4.8.1, std=201103L, MinGW Runtime 3.20, 32-bit, DEBUG
Started:	Aug 18 2024 19:34:07

Run file:	C:\Users\sumpl\GitHub\kvadratka\kvadratka.exe
Directory:	C:\Users\sumpl\GitHub\kvadratka

--------------------------------------------------

--------------------------------------------------
TXLib соболезнует...

Программа: C:\Users\sumpl\GitHub\kvadratka\kvadratka.exe,

ВНЕЗАПНО: signal (8, 0x00): SIGFPE: Грубая ошибка в вычислениях. 

Недопустимая операция с плавающей точкой.

#1: Исключение EXCEPTION_FLT_INVALID_OPERATION (0xC0000090) при выполнении кода по адресу 0x752DA942 в функции RaiseException() в модуле C:\Windows\System32\KERNELBASE.dll. Спасибо _txVectoredExceptionHandler(), что сообщил. Люблю его <3

С помощью функции signal() вы можете сами обработать эту ошибку.

#2: TXLib [Ver: 00173a, Rev: 173, Date: 2024-06-23 22:37:05 +0400], Instance: 0x0057769C (32-bit), Flags: Cmdre0, Thread: 0x3C94 (Main), GetLastError(): 126 (Не найден указанный модуль). 

--------------------------------------------------
Стек вызовов:

# 0 0x752DA942 in C:\Windows\System32\KERNELBASE.dll: RaiseException()
# 1 0x75CC6EAF in C:\Windows\System32\msvcrt.dll: modf()
# 2 0x75CC6C74 in C:\Windows\System32\msvcrt.dll: modf()
# 3 0x75CC96B2 in C:\Windows\System32\msvcrt.dll: modf()
# 4 0x75CC3A30 in C:\Windows\System32\msvcrt.dll: modf()
# 5 0x75CB8AB8 in C:\Windows\System32\msvcrt.dll: sqrt()

# 6 0x0042C2D4 in C:\Users\sumpl\GitHub\kvadratka\kvadratka.exe: main() at C:/Users/sumpl/GitHub/kvadratka/kvadratka.cpp (13):

     11: 
     12:     enter_se_parameters(&a, &b, &c);
=>   13:     solve_square_equation(a, b, c, &solutions);
     14:     print_solutions(&solutions);
     15: 

--------------------------------------------------
Developed with:

The Dumb Artist Library (TX Library)
TXLib [Ver: 00173a, Rev: 173, Date: 2024-06-23 22:37:05 +0400]
Copyright (C) Ded (Ilya Dedinsky, http://txlib.ru) <mail@txlib.ru>
See license on: http://txlib.ru

TXLib file:	c:\windows\syswow64\codeblocks\mingw\include\txlib.h
Compiled:	Aug 18 2024 19:32:11, GNU g++ 4.8.1, std=201103L, MinGW Runtime 3.20, 32-bit, DEBUG
Started:	Aug 18 2024 19:34:07

Run file:	C:\Users\sumpl\GitHub\kvadratka\kvadratka.exe
Directory:	C:\Users\sumpl\GitHub\kvadratka

--------------------------------------------------

--------------------------------------------------
TXLib предупреждает:

Программа: C:\Users\sumpl\GitHub\kvadratka\kvadratka.exe,

ВНЕЗАПНО: Недопустимая операция с плавающей точкой.

#1: Исключение EXCEPTION_FLT_INVALID_OPERATION (0xC0000090) при выполнении кода по адресу 0x752DA942 в функции RaiseException() в модуле C:\Windows\System32\KERNELBASE.dll. Спасибо _txVectoredExceptionHandler(), что сообщил. Люблю его <3

#1: TXLib [Ver: 00173a, Rev: 173, Date: 2024-06-23 22:37:05 +0400], Instance: 0x0057769C (32-bit), Flags: Cmdre0, Thread: 0x39C4 (Main), GetLastError(): 126 (Не найден указанный модуль). 

--------------------------------------------------
Стек вызовов:

# 0 0x752DA942 in C:\Windows\System32\KERNELBASE.dll: RaiseException()
# 1 0x75CC6EAF in C:\Windows\System32\msvcrt.dll: modf()
# 2 0x75CC6C74 in C:\Windows\System32\msvcrt.dll: modf()
# 3 0x75CC96B2 in C:\Windows\System32\msvcrt.dll: modf()
# 4 0x75CC3A30 in C:\Windows\System32\msvcrt.dll: modf()
# 5 0x75CB8AB8 in C:\Windows\System32\msvcrt.dll: sqrt()

# 6 0x0042C2D4 in C:\Users\sumpl\GitHub\kvadratka\kvadratka.exe: main() at C:/Users/sumpl/GitHub/kvadratka/kvadratka.cpp (13):

     11: 
     12:     enter_se_parameters(&a, &b, &c);
=>   13:     solve_square_equation(a, b, c, &solutions);
     14:     print_solutions(&solutions);
     15: 

--------------------------------------------------
Developed with:

The Dumb Artist Library (TX Library)
TXLib [Ver: 00173a, Rev: 173, Date: 2024-06-23 22:37:05 +0400]
Copyright (C) Ded (Ilya Dedinsky, http://txlib.ru) <mail@txlib.ru>
See license on: http://txlib.ru

TXLib file:	c:\windows\syswow64\codeblocks\mingw\include\txlib.h
Compiled:	Aug 18 2024 19:32:11, GNU g++ 4.8.1, std=201103L, MinGW Runtime 3.20, 32-bit, DEBUG
Started:	Aug 18 2024 19:39:46

Run file:	C:\Users\sumpl\GitHub\kvadratka\kvadratka.exe
Directory:	C:\Users\sumpl\GitHub\kvadratka

--------------------------------------------------

--------------------------------------------------
TXLib соболезнует...

Программа: C:\Users\sumpl\GitHub\kvadratka\kvadratka.exe,

ВНЕЗАПНО: signal (8, 0x00): SIGFPE: Грубая ошибка в вычислениях. 

Недопустимая операция с плавающей точкой.

#1: Исключение EXCEPTION_FLT_INVALID_OPERATION (0xC0000090) при выполнении кода по адресу 0x752DA942 в функции RaiseException() в модуле C:\Windows\System32\KERNELBASE.dll. Спасибо _txVectoredExceptionHandler(), что сообщил. Люблю его <3

С помощью функции signal() вы можете сами обработать эту ошибку.

#2: TXLib [Ver: 00173a, Rev: 173, Date: 2024-06-23 22:37:05 +0400], Instance: 0x0057769C (32-bit), Flags: Cmdre0, Thread: 0x39C4 (Main), GetLastError(): 126 (Не найден указанный модуль). 

--------------------------------------------------
Стек вызовов:

# 0 0x752DA942 in C:\Windows\System32\KERNELBASE.dll: RaiseException()
# 1 0x75CC6EAF in C:\Windows\System32\msvcrt.dll: modf()
# 2 0x75CC6C74 in C:\Windows\System32\msvcrt.dll: modf()
# 3 0x75CC96B2 in C:\Windows\System32\msvcrt.dll: modf()
# 4 0x75CC3A30 in C:\Windows\System32\msvcrt.dll: modf()
# 5 0x75CB8AB8 in C:\Windows\System32\msvcrt.dll: sqrt()

# 6 0x0042C2D4 in C:\Users\sumpl\GitHub\kvadratka\kvadratka.exe: main() at C:/Users/sumpl/GitHub/kvadratka/kvadratka.cpp (13):

     11: 
     12:     enter_se_parameters(&a, &b, &c);
=>   13:     solve_square_equation(a, b, c, &solutions);
     14:     print_solutions(&solutions);
     15: 

--------------------------------------------------
Developed with:

The Dumb Artist Library (TX Library)
TXLib [Ver: 00173a, Rev: 173, Date: 2024-06-23 22:37:05 +0400]
Copyright (C) Ded (Ilya Dedinsky, http://txlib.ru) <mail@txlib.ru>
See license on: http://txlib.ru

TXLib file:	c:\windows\syswow64\codeblocks\mingw\include\txlib.h
Compiled:	Aug 18 2024 19:32:11, GNU g++ 4.8.1, std=201103L, MinGW Runtime 3.20, 32-bit, DEBUG
Started:	Aug 18 2024 19:39:46

Run file:	C:\Users\sumpl\GitHub\kvadratka\kvadratka.exe
Directory:	C:\Users\sumpl\GitHub\kvadratka

--------------------------------------------------

--------------------------------------------------
TXLib предупреждает:

Программа: C:\Users\sumpl\GitHub\kvadratka\kvadratka.exe,

ВНЕЗАПНО: Недопустимая операция с плавающей точкой.

#1: Исключение EXCEPTION_FLT_INVALID_OPERATION (0xC0000090) при выполнении кода по адресу 0x752DA942 в функции RaiseException() в модуле C:\Windows\System32\KERNELBASE.dll. Спасибо _txVectoredExceptionHandler(), что сообщил. Люблю его <3

#1: TXLib [Ver: 00173a, Rev: 173, Date: 2024-06-23 22:37:05 +0400], Instance: 0x0057769C (32-bit), Flags: Cmdre0, Thread: 0x36F0 (Main), GetLastError(): 126 (Не найден указанный модуль). 

--------------------------------------------------
Стек вызовов:

# 0 0x752DA942 in C:\Windows\System32\KERNELBASE.dll: RaiseException()
# 1 0x75CC6EAF in C:\Windows\System32\msvcrt.dll: modf()
# 2 0x75CC6C74 in C:\Windows\System32\msvcrt.dll: modf()
# 3 0x75CC96B2 in C:\Windows\System32\msvcrt.dll: modf()
# 4 0x75CC3A30 in C:\Windows\System32\msvcrt.dll: modf()
# 5 0x75CB8AB8 in C:\Windows\System32\msvcrt.dll: sqrt()

# 6 0x0042C2D4 in C:\Users\sumpl\GitHub\kvadratka\kvadratka.exe: main() at C:/Users/sumpl/GitHub/kvadratka/kvadratka.cpp (13):

     11: 
     12:     enter_se_parameters(&a, &b, &c);
=>   13:     solve_square_equation(a, b, c, &solutions);
     14:     print_solutions(&solutions);
     15: 

--------------------------------------------------
Developed with:

The Dumb Artist Library (TX Library)
TXLib [Ver: 00173a, Rev: 173, Date: 2024-06-23 22:37:05 +0400]
Copyright (C) Ded (Ilya Dedinsky, http://txlib.ru) <mail@txlib.ru>
See license on: http://txlib.ru

TXLib file:	c:\windows\syswow64\codeblocks\mingw\include\txlib.h
Compiled:	Aug 18 2024 19:32:11, GNU g++ 4.8.1, std=201103L, MinGW Runtime 3.20, 32-bit, DEBUG
Started:	Aug 18 2024 19:47:22

Run file:	C:\Users\sumpl\GitHub\kvadratka\kvadratka.exe
Directory:	C:\Users\sumpl\GitHub\kvadratka

--------------------------------------------------

--------------------------------------------------
TXLib соболезнует...

Программа: C:\Users\sumpl\GitHub\kvadratka\kvadratka.exe,

ВНЕЗАПНО: signal (8, 0x00): SIGFPE: Грубая ошибка в вычислениях. 

Недопустимая операция с плавающей точкой.

#1: Исключение EXCEPTION_FLT_INVALID_OPERATION (0xC0000090) при выполнении кода по адресу 0x752DA942 в функции RaiseException() в модуле C:\Windows\System32\KERNELBASE.dll. Спасибо _txVectoredExceptionHandler(), что сообщил. Люблю его <3

С помощью функции signal() вы можете сами обработать эту ошибку.

#2: TXLib [Ver: 00173a, Rev: 173, Date: 2024-06-23 22:37:05 +0400], Instance: 0x0057769C (32-bit), Flags: Cmdre0, Thread: 0x36F0 (Main), GetLastError(): 126 (Не найден указанный модуль). 

--------------------------------------------------
Стек вызовов:

# 0 0x752DA942 in C:\Windows\System32\KERNELBASE.dll: RaiseException()
# 1 0x75CC6EAF in C:\Windows\System32\msvcrt.dll: modf()
# 2 0x75CC6C74 in C:\Windows\System32\msvcrt.dll: modf()
# 3 0x75CC96B2 in C:\Windows\System32\msvcrt.dll: modf()
# 4 0x75CC3A30 in C:\Windows\System32\msvcrt.dll: modf()
# 5 0x75CB8AB8 in C:\Windows\System32\msvcrt.dll: sqrt()

# 6 0x0042C2D4 in C:\Users\sumpl\GitHub\kvadratka\kvadratka.exe: main() at C:/Users/sumpl/GitHub/kvadratka/kvadratka.cpp (13):

     11: 
     12:     enter_se_parameters(&a, &b, &c);
=>   13:     solve_square_equation(a, b, c, &solutions);
     14:     print_solutions(&solutions);
     15: 

--------------------------------------------------
Developed with:

The Dumb Artist Library (TX Library)
TXLib [Ver: 00173a, Rev: 173, Date: 2024-06-23 22:37:05 +0400]
Copyright (C) Ded (Ilya Dedinsky, http://txlib.ru) <mail@txlib.ru>
See license on: http://txlib.ru

TXLib file:	c:\windows\syswow64\codeblocks\mingw\include\txlib.h
Compiled:	Aug 18 2024 19:32:11, GNU g++ 4.8.1, std=201103L, MinGW Runtime 3.20, 32-bit, DEBUG
Started:	Aug 18 2024 19:47:22

Run file:	C:\Users\sumpl\GitHub\kvadratka\kvadratka.exe
Directory:	C:\Users\sumpl\GitHub\kvadratka

--------------------------------------------------
